Release 14.7 - xst P.20131013 (nt)
Copyright (c) 1995-2013 Xilinx, Inc.  All rights reserved.
--> Parameter TMPDIR set to xst/projnav.tmp


Total REAL time to Xst completion: 0.00 secs
Total CPU time to Xst completion: 0.14 secs
 
--> Parameter xsthdpdir set to xst


Total REAL time to Xst completion: 0.00 secs
Total CPU time to Xst completion: 0.14 secs
 
--> Reading design: Semaforo.prj

TABLE OF CONTENTS
  1) Synthesis Options Summary
  2) HDL Compilation
  3) Design Hierarchy Analysis
  4) HDL Analysis
  5) HDL Synthesis
     5.1) HDL Synthesis Report
  6) Advanced HDL Synthesis
     6.1) Advanced HDL Synthesis Report
  7) Low Level Synthesis
  8) Partition Report
  9) Final Report
	9.1) Device utilization summary
	9.2) Partition Resource Summary
	9.3) TIMING REPORT


=========================================================================
*                      Synthesis Options Summary                        *
=========================================================================
---- Source Parameters
Input File Name                    : "Semaforo.prj"
Input Format                       : mixed
Ignore Synthesis Constraint File   : NO

---- Target Parameters
Output File Name                   : "Semaforo"
Output Format                      : NGC
Target Device                      : xc3s1200e-4-fg320

---- Source Options
Top Module Name                    : Semaforo
Automatic FSM Extraction           : YES
FSM Encoding Algorithm             : Auto
Safe Implementation                : No
FSM Style                          : LUT
RAM Extraction                     : Yes
RAM Style                          : Auto
ROM Extraction                     : Yes
Mux Style                          : Auto
Decoder Extraction                 : YES
Priority Encoder Extraction        : Yes
Shift Register Extraction          : YES
Logical Shifter Extraction         : YES
XOR Collapsing                     : YES
ROM Style                          : Auto
Mux Extraction                     : Yes
Resource Sharing                   : YES
Asynchronous To Synchronous        : NO
Multiplier Style                   : Auto
Automatic Register Balancing       : No

---- Target Options
Add IO Buffers                     : YES
Global Maximum Fanout              : 100000
Add Generic Clock Buffer(BUFG)     : 24
Register Duplication               : YES
Slice Packing                      : YES
Optimize Instantiated Primitives   : NO
Use Clock Enable                   : Yes
Use Synchronous Set                : Yes
Use Synchronous Reset              : Yes
Pack IO Registers into IOBs        : Auto
Equivalent register Removal        : YES

---- General Options
Optimization Goal                  : Speed
Optimization Effort                : 1
Keep Hierarchy                     : No
Netlist Hierarchy                  : As_Optimized
RTL Output                         : Yes
Global Optimization                : AllClockNets
Read Cores                         : YES
Write Timing Constraints           : NO
Cross Clock Analysis               : NO
Hierarchy Separator                : /
Bus Delimiter                      : <>
Case Specifier                     : Maintain
Slice Utilization Ratio            : 100
BRAM Utilization Ratio             : 100
Verilog 2001                       : YES
Auto BRAM Packing                  : NO
Slice Utilization Ratio Delta      : 5

=========================================================================


=========================================================================
*                          HDL Compilation                              *
=========================================================================
Compiling vhdl file "C:/SPB_Data/version-control/XilinxProjects/Light/Counter.vhd" in Library work.
Architecture behavioral of Entity countersec is up to date.
Compiling vhdl file "C:/SPB_Data/version-control/XilinxProjects/Light/Compare.vhd" in Library work.
Architecture behavioral of Entity compare is up to date.
Compiling vhdl file "C:/SPB_Data/version-control/XilinxProjects/Light/CounterMin.vhd" in Library work.
Architecture behavioral of Entity countermin is up to date.
Compiling vhdl file "C:/SPB_Data/version-control/XilinxProjects/Light/Semaforo.vhd" in Library work.
Architecture behavioral of Entity semaforo is up to date.

=========================================================================
*                     Design Hierarchy Analysis                         *
=========================================================================
Analyzing hierarchy for entity <Semaforo> in library <work> (architecture <behavioral>).

Analyzing hierarchy for entity <CounterSec> in library <work> (architecture <behavioral>).

Analyzing hierarchy for entity <Compare> in library <work> (architecture <behavioral>).

Analyzing hierarchy for entity <CounterMin> in library <work> (architecture <behavioral>).


=========================================================================
*                            HDL Analysis                               *
=========================================================================
Analyzing Entity <Semaforo> in library <work> (Architecture <behavioral>).
Entity <Semaforo> analyzed. Unit <Semaforo> generated.

Analyzing Entity <CounterSec> in library <work> (Architecture <behavioral>).
Entity <CounterSec> analyzed. Unit <CounterSec> generated.

Analyzing Entity <Compare> in library <work> (Architecture <behavioral>).
Entity <Compare> analyzed. Unit <Compare> generated.

Analyzing Entity <CounterMin> in library <work> (Architecture <behavioral>).
Entity <CounterMin> analyzed. Unit <CounterMin> generated.


=========================================================================
*                           HDL Synthesis                               *
=========================================================================

Performing bidirectional port resolution...

Synthesizing Unit <CounterSec>.
    Related source file is "C:/SPB_Data/version-control/XilinxProjects/Light/Counter.vhd".
    Found 26-bit up counter for signal <temp>.
    Summary:
	inferred   1 Counter(s).
Unit <CounterSec> synthesized.


Synthesizing Unit <Compare>.
    Related source file is "C:/SPB_Data/version-control/XilinxProjects/Light/Compare.vhd".
    Found 1-bit register for signal <Change>.
    Summary:
	inferred   1 D-type flip-flop(s).
Unit <Compare> synthesized.


Synthesizing Unit <CounterMin>.
    Related source file is "C:/SPB_Data/version-control/XilinxProjects/Light/CounterMin.vhd".
    Found 1-bit register for signal <minPass>.
    Found 8-bit up counter for signal <temp>.
    Summary:
	inferred   1 Counter(s).
	inferred   1 D-type flip-flop(s).
Unit <CounterMin> synthesized.


Synthesizing Unit <Semaforo>.
    Related source file is "C:/SPB_Data/version-control/XilinxProjects/Light/Semaforo.vhd".
WARNING:Xst:647 - Input <btnReset> is never used. This port will be preserved and left unconnected if it belongs to a top-level block or it belongs to a sub-block and the hierarchy of this sub-block is preserved.
WARNING:Xst:647 - Input <switchDiaNoch> is never used. This port will be preserved and left unconnected if it belongs to a top-level block or it belongs to a sub-block and the hierarchy of this sub-block is preserved.
WARNING:Xst:1306 - Output <Semaforo1<2>> is never assigned.
WARNING:Xst:1306 - Output <Semaforo2> is never assigned.
WARNING:Xst:1780 - Signal <salidaCompare> is never used or assigned. This unconnected signal will be trimmed during the optimization process.
    Found 1-bit register for signal <controlMin>.
    Found 1-bit register for signal <controlSec>.
    Summary:
	inferred   2 D-type flip-flop(s).
Unit <Semaforo> synthesized.


=========================================================================
HDL Synthesis Report

Macro Statistics
# Counters                                             : 2
 26-bit up counter                                     : 1
 8-bit up counter                                      : 1
# Registers                                            : 4
 1-bit register                                        : 4

=========================================================================

=========================================================================
*                       Advanced HDL Synthesis                          *
=========================================================================


=========================================================================
Advanced HDL Synthesis Report

Macro Statistics
# Counters                                             : 2
 26-bit up counter                                     : 1
 8-bit up counter                                      : 1
# Registers                                            : 4
 Flip-Flops                                            : 4

=========================================================================

=========================================================================
*                         Low Level Synthesis                           *
=========================================================================

Optimizing unit <Semaforo> ...

Mapping all equations...
Building and optimizing final netlist ...
Found area constraint ratio of 100 (+ 5) on block Semaforo, actual ratio is 0.

Final Macro Processing ...

=========================================================================
Final Register Report

Macro Statistics
# Registers                                            : 38
 Flip-Flops                                            : 38

=========================================================================

=========================================================================
*                           Partition Report                            *
=========================================================================

Partition Implementation Status
-------------------------------

  No Partitions were found in this design.

-------------------------------

=========================================================================
*                            Final Report                               *
=========================================================================
Final Results
RTL Top Level Output File Name     : Semaforo.ngr
Top Level Output File Name         : Semaforo
Output Format                      : NGC
Optimization Goal                  : Speed
Keep Hierarchy                     : No

Design Statistics
# IOs                              : 9

Cell Usage :
# BELS                             : 120
#      GND                         : 1
#      INV                         : 2
#      LUT1                        : 32
#      LUT2                        : 3
#      LUT4                        : 6
#      LUT4_D                      : 2
#      MUXCY                       : 39
#      VCC                         : 1
#      XORCY                       : 34
# FlipFlops/Latches                : 38
#      FDR                         : 38
# Clock Buffers                    : 1
#      BUFGP                       : 1
# IO Buffers                       : 2
#      OBUF                        : 2
=========================================================================

Device utilization summary:
---------------------------

Selected Device : 3s1200efg320-4 

 Number of Slices:                       26  out of   8672     0%  
 Number of Slice Flip Flops:             38  out of  17344     0%  
 Number of 4 input LUTs:                 45  out of  17344     0%  
 Number of IOs:                           9
 Number of bonded IOBs:                   3  out of    250     1%  
 Number of GCLKs:                         1  out of     24     4%  

---------------------------
Partition Resource Summary:
---------------------------

  No Partitions were found in this design.

---------------------------


=========================================================================
TIMING REPORT

NOTE: THESE TIMING NUMBERS ARE ONLY A SYNTHESIS ESTIMATE.
      FOR ACCURATE TIMING INFORMATION PLEASE REFER TO THE TRACE REPORT
      GENERATED AFTER PLACE-and-ROUTE.

Clock Information:
------------------
-----------------------------------+------------------------+-------+
Clock Signal                       | Clock buffer(FF name)  | Load  |
-----------------------------------+------------------------+-------+
c2/Change                          | NONE(controlSec)       | 10    |
c3/minPass                         | NONE(controlMin)       | 1     |
Clk                                | BUFGP                  | 27    |
-----------------------------------+------------------------+-------+
INFO:Xst:2169 - HDL ADVISOR - Some clock signals were not automatically buffered by XST with BUFG/BUFR resources. Please use the buffer_type constraint in order to insert these buffers to the clock signals to help prevent skew problems.

Asynchronous Control Signals Information:
----------------------------------------
No asynchronous control signals found in this design

Timing Summary:
---------------
Speed Grade: -4

   Minimum period: 4.850ns (Maximum Frequency: 206.186MHz)
   Minimum input arrival time before clock: No path found
   Maximum output required time after clock: 4.310ns
   Maximum combinational path delay: No path found

Timing Detail:
--------------
All values displayed in nanoseconds (ns)

=========================================================================
Timing constraint: Default period analysis for Clock 'c2/Change'
  Clock period: 4.788ns (frequency: 208.855MHz)
  Total number of paths / destination ports: 109 / 18
-------------------------------------------------------------------------
Delay:               4.788ns (Levels of Logic = 2)
  Source:            c3/temp_6 (FF)
  Destination:       c3/temp_0 (FF)
  Source Clock:      c2/Change rising
  Destination Clock: c2/Change rising

  Data Path: c3/temp_6 to c3/temp_0
                                Gate     Net
    Cell:in->out      fanout   Delay   Delay  Logical Name (Net Name)
    ----------------------------------------  ------------
     FDR:C->Q              2   0.591   0.622  c3/temp_6 (c3/temp_6)
     LUT4_D:I0->O          1   0.704   0.499  c3/temp_cmp_eq000017 (c3/temp_cmp_eq000017)
     LUT2:I1->O            8   0.704   0.757  c3/temp_cmp_eq000018 (c3/temp_cmp_eq0000)
     FDR:R                     0.911          c3/temp_0
    ----------------------------------------
    Total                      4.788ns (2.910ns logic, 1.878ns route)
                                       (60.8% logic, 39.2% route)

=========================================================================
Timing constraint: Default period analysis for Clock 'c3/minPass'
  Clock period: 1.949ns (frequency: 513.084MHz)
  Total number of paths / destination ports: 1 / 1
-------------------------------------------------------------------------
Delay:               1.949ns (Levels of Logic = 0)
  Source:            controlMin (FF)
  Destination:       controlMin (FF)
  Source Clock:      c3/minPass rising
  Destination Clock: c3/minPass rising

  Data Path: controlMin to controlMin
                                Gate     Net
    Cell:in->out      fanout   Delay   Delay  Logical Name (Net Name)
    ----------------------------------------  ------------
     FDR:C->Q              2   0.591   0.447  controlMin (controlMin)
     FDR:R                     0.911          controlMin
    ----------------------------------------
    Total                      1.949ns (1.502ns logic, 0.447ns route)
                                       (77.1% logic, 22.9% route)

=========================================================================
Timing constraint: Default period analysis for Clock 'Clk'
  Clock period: 4.850ns (frequency: 206.186MHz)
  Total number of paths / destination ports: 403 / 53
-------------------------------------------------------------------------
Delay:               4.850ns (Levels of Logic = 26)
  Source:            c1/temp_1 (FF)
  Destination:       c1/temp_25 (FF)
  Source Clock:      Clk rising
  Destination Clock: Clk rising

  Data Path: c1/temp_1 to c1/temp_25
                                Gate     Net
    Cell:in->out      fanout   Delay   Delay  Logical Name (Net Name)
    ----------------------------------------  ------------
     FDR:C->Q              2   0.591   0.622  c1/temp_1 (c1/temp_1)
     LUT1:I0->O            1   0.704   0.000  c1/Mcount_temp_cy<1>_rt (c1/Mcount_temp_cy<1>_rt)
     MUXCY:S->O            1   0.464   0.000  c1/Mcount_temp_cy<1> (c1/Mcount_temp_cy<1>)
     MUXCY:CI->O           1   0.059   0.000  c1/Mcount_temp_cy<2> (c1/Mcount_temp_cy<2>)
     MUXCY:CI->O           1   0.059   0.000  c1/Mcount_temp_cy<3> (c1/Mcount_temp_cy<3>)
     MUXCY:CI->O           1   0.059   0.000  c1/Mcount_temp_cy<4> (c1/Mcount_temp_cy<4>)
     MUXCY:CI->O           1   0.059   0.000  c1/Mcount_temp_cy<5> (c1/Mcount_temp_cy<5>)
     MUXCY:CI->O           1   0.059   0.000  c1/Mcount_temp_cy<6> (c1/Mcount_temp_cy<6>)
     MUXCY:CI->O           1   0.059   0.000  c1/Mcount_temp_cy<7> (c1/Mcount_temp_cy<7>)
     MUXCY:CI->O           1   0.059   0.000  c1/Mcount_temp_cy<8> (c1/Mcount_temp_cy<8>)
     MUXCY:CI->O           1   0.059   0.000  c1/Mcount_temp_cy<9> (c1/Mcount_temp_cy<9>)
     MUXCY:CI->O           1   0.059   0.000  c1/Mcount_temp_cy<10> (c1/Mcount_temp_cy<10>)
     MUXCY:CI->O           1   0.059   0.000  c1/Mcount_temp_cy<11> (c1/Mcount_temp_cy<11>)
     MUXCY:CI->O           1   0.059   0.000  c1/Mcount_temp_cy<12> (c1/Mcount_temp_cy<12>)
     MUXCY:CI->O           1   0.059   0.000  c1/Mcount_temp_cy<13> (c1/Mcount_temp_cy<13>)
     MUXCY:CI->O           1   0.059   0.000  c1/Mcount_temp_cy<14> (c1/Mcount_temp_cy<14>)
     MUXCY:CI->O           1   0.059   0.000  c1/Mcount_temp_cy<15> (c1/Mcount_temp_cy<15>)
     MUXCY:CI->O           1   0.059   0.000  c1/Mcount_temp_cy<16> (c1/Mcount_temp_cy<16>)
     MUXCY:CI->O           1   0.059   0.000  c1/Mcount_temp_cy<17> (c1/Mcount_temp_cy<17>)
     MUXCY:CI->O           1   0.059   0.000  c1/Mcount_temp_cy<18> (c1/Mcount_temp_cy<18>)
     MUXCY:CI->O           1   0.059   0.000  c1/Mcount_temp_cy<19> (c1/Mcount_temp_cy<19>)
     MUXCY:CI->O           1   0.059   0.000  c1/Mcount_temp_cy<20> (c1/Mcount_temp_cy<20>)
     MUXCY:CI->O           1   0.059   0.000  c1/Mcount_temp_cy<21> (c1/Mcount_temp_cy<21>)
     MUXCY:CI->O           1   0.059   0.000  c1/Mcount_temp_cy<22> (c1/Mcount_temp_cy<22>)
     MUXCY:CI->O           1   0.059   0.000  c1/Mcount_temp_cy<23> (c1/Mcount_temp_cy<23>)
     MUXCY:CI->O           0   0.059   0.000  c1/Mcount_temp_cy<24> (c1/Mcount_temp_cy<24>)
     XORCY:CI->O           1   0.804   0.000  c1/Mcount_temp_xor<25> (Result<25>)
     FDR:D                     0.308          c1/temp_25
    ----------------------------------------
    Total                      4.850ns (4.228ns logic, 0.622ns route)
                                       (87.2% logic, 12.8% route)

=========================================================================
Timing constraint: Default OFFSET OUT AFTER for Clock 'c3/minPass'
  Total number of paths / destination ports: 1 / 1
-------------------------------------------------------------------------
Offset:              4.310ns (Levels of Logic = 1)
  Source:            controlMin (FF)
  Destination:       Semaforo1<1> (PAD)
  Source Clock:      c3/minPass rising

  Data Path: controlMin to Semaforo1<1>
                                Gate     Net
    Cell:in->out      fanout   Delay   Delay  Logical Name (Net Name)
    ----------------------------------------  ------------
     FDR:C->Q              2   0.591   0.447  controlMin (controlMin)
     OBUF:I->O                 3.272          Semaforo1_1_OBUF (Semaforo1<1>)
    ----------------------------------------
    Total                      4.310ns (3.863ns logic, 0.447ns route)
                                       (89.6% logic, 10.4% route)

=========================================================================
Timing constraint: Default OFFSET OUT AFTER for Clock 'c2/Change'
  Total number of paths / destination ports: 1 / 1
-------------------------------------------------------------------------
Offset:              4.310ns (Levels of Logic = 1)
  Source:            controlSec (FF)
  Destination:       Semaforo1<0> (PAD)
  Source Clock:      c2/Change rising

  Data Path: controlSec to Semaforo1<0>
                                Gate     Net
    Cell:in->out      fanout   Delay   Delay  Logical Name (Net Name)
    ----------------------------------------  ------------
     FDR:C->Q              2   0.591   0.447  controlSec (controlSec)
     OBUF:I->O                 3.272          Semaforo1_0_OBUF (Semaforo1<0>)
    ----------------------------------------
    Total                      4.310ns (3.863ns logic, 0.447ns route)
                                       (89.6% logic, 10.4% route)

=========================================================================


Total REAL time to Xst completion: 4.00 secs
Total CPU time to Xst completion: 4.37 secs
 
--> 

Total memory usage is 246200 kilobytes

Number of errors   :    0 (   0 filtered)
Number of warnings :    5 (   0 filtered)
Number of infos    :    1 (   0 filtered)

