
****** PlanAhead v14.7 (64-bit)
  **** Build 321239 by xbuild on Fri Sep 27 19:29:51 MDT 2013
    ** Copyright 1986-1999, 2001-2013 Xilinx, Inc. All Rights Reserved.

INFO: [Common 17-78] Attempting to get a license: PlanAhead
INFO: [Common 17-290] Got license for PlanAhead
INFO: [Device 21-36] Loading parts and site information from C:/Xilinx/14.7/ISE_DS/PlanAhead/data/parts/arch.xml
Parsing RTL primitives file [C:/Xilinx/14.7/ISE_DS/PlanAhead/data/parts/xilinx/rtl/prims/rtl_prims.xml]
Finished parsing RTL primitives file [C:/Xilinx/14.7/ISE_DS/PlanAhead/data/parts/xilinx/rtl/prims/rtl_prims.xml]
start_gui
source C:/SPB_Data/version-control/XilinxProjects/Light/pa.fromNetlist.tcl
# create_project -name Light -dir "C:/SPB_Data/version-control/XilinxProjects/Light/planAhead_run_3" -part xc3s1200efg320-4
# set_property design_mode GateLvl [get_property srcset [current_run -impl]]
# set_property edif_top_file "C:/SPB_Data/version-control/XilinxProjects/Light/Semaforo.ngc" [ get_property srcset [ current_run ] ]
# add_files -norecurse { {C:/SPB_Data/version-control/XilinxProjects/Light} }
# set_param project.pinAheadLayout  yes
# set_property target_constrs_file "Semaforo.ucf" [current_fileset -constrset]
Adding file 'C:/SPB_Data/version-control/XilinxProjects/Light/Semaforo.ucf' to fileset 'constrs_1'
# add_files [list {Semaforo.ucf}] -fileset [get_property constrset [current_run]]
# link_design
Design is defaulting to srcset: sources_1
Design is defaulting to constrset: constrs_1
Design is defaulting to project part: xc3s1200efg320-4
Release 14.7 - ngc2edif P.20131013 (nt64)
Copyright (c) 1995-2013 Xilinx, Inc.  All rights reserved.
Reading design Semaforo.ngc ...
WARNING:NetListWriters:298 - No output is written to Semaforo.xncf, ignored.
Processing design ...
   Preping design's networks ...
   Preping design's macros ...
  finished :Prep
Writing EDIF netlist file Semaforo.edif ...
ngc2edif: Total memory usage is 80024 kilobytes

Parsing EDIF File [./planAhead_run_3/Light.data/cache/Semaforo_ngc_zx.edif]
Finished Parsing EDIF File [./planAhead_run_3/Light.data/cache/Semaforo_ngc_zx.edif]
INFO: [Designutils 20-910] Reading macro library C:/Xilinx/14.7/ISE_DS/PlanAhead/data\./parts/xilinx/spartan3e/spartan3e/hd_int_macros.edn
Parsing EDIF File [C:/Xilinx/14.7/ISE_DS/PlanAhead/data\./parts/xilinx/spartan3e/spartan3e/hd_int_macros.edn]
Finished Parsing EDIF File [C:/Xilinx/14.7/ISE_DS/PlanAhead/data\./parts/xilinx/spartan3e/spartan3e/hd_int_macros.edn]
Loading clock regions from C:/Xilinx/14.7/ISE_DS/PlanAhead/data\parts/xilinx/spartan3e/spartan3e/xc3s1200e/ClockRegion.xml
Loading clock buffers from C:/Xilinx/14.7/ISE_DS/PlanAhead/data\parts/xilinx/spartan3e/spartan3e/xc3s1200e/ClockBuffers.xml
Loading package from C:/Xilinx/14.7/ISE_DS/PlanAhead/data\parts/xilinx/spartan3e/spartan3e/xc3s1200e/fg320/Package.xml
Loading io standards from C:/Xilinx/14.7/ISE_DS/PlanAhead/data\./parts/xilinx/spartan3e/IOStandards.xml
INFO: [Device 21-19] Loading pkg sso from C:/Xilinx/14.7/ISE_DS/PlanAhead/data\parts/xilinx/spartan3e/spartan3e/xc3s1200e/fg320/SSORules.xml
Loading list of drcs for the architecture : C:/Xilinx/14.7/ISE_DS/PlanAhead/data\./parts/xilinx/spartan3e/spartan3e/drc.xml
INFO: [Timing 38-77] Reading timing library C:/Xilinx/14.7/ISE_DS/PlanAhead/data\parts/xilinx/spartan3e/spartan3e/spartan3e-4.lib.
INFO: [Timing 38-34] Done reading timing library C:/Xilinx/14.7/ISE_DS/PlanAhead/data\parts/xilinx/spartan3e/spartan3e/spartan3e-4.lib.
Parsing UCF File [C:/SPB_Data/version-control/XilinxProjects/Light/Semaforo.ucf]
Finished Parsing UCF File [C:/SPB_Data/version-control/XilinxProjects/Light/Semaforo.ucf]
INFO: [Project 1-111] Unisim Transformation Summary:
No Unisim elements were transformed.

Phase 0 | Netlist Checksum: b27eae73
link_design: Time (s): elapsed = 00:00:10 . Memory (MB): peak = 586.297 ; gain = 109.844
startgroup
set_property package_pin J15 [get_ports {Semaforo1[1]}]
endgroup
save_constraints
exit
ERROR: [Common 17-39] 'stop_gui' failed due to earlier errors.
INFO: [Common 17-206] Exiting PlanAhead at Fri Sep 25 13:17:58 2015...
INFO: [Common 17-83] Releasing license: PlanAhead
